1602481894511	geckodriver	INFO	Listening on 127.0.0.1:60099
1602481897587	mozrunner::runner	INFO	Running command: "C:\\Program Files\\Mozilla Firefox\\firefox.exe" "--marionette" "-foreground" "-no-remote" "-profile" "C:\\Users\\RVANAC~1\\AppData\\Local\\Temp\\rust_mozprofileuTM4LH"
JavaScript error: resource://gre/modules/XULStore.jsm, line 66: Error: Can't find profile directory.
console.error: SearchCache: "_readCacheFile: Error reading cache file:" (new Error("", "(unknown module)"))
1602481900957	Marionette	INFO	Listening on port 60107
1602481901229	Marionette	WARN	TLS certificate errors will be ignored for this session
1602481904478	Marionette	INFO	Stopped listening on port 60107
[Parent 20712, Gecko_IOThread] WARNING: file /builds/worker/checkouts/gecko/ipc/chromium/src/base/process_util_win.cc, line 166

###!!! [Child][RunMessage] Error: Channel closing: too late to send/recv, messages will be lost


###!!! [Child][MessageChannel::SendAndWait] Error: Channel error: cannot send/recv

1602481905196	geckodriver	INFO	Listening on 127.0.0.1:60142
1602481908245	mozrunner::runner	INFO	Running command: "C:\\Program Files\\Mozilla Firefox\\firefox.exe" "--marionette" "-foreground" "-no-remote" "-profile" "C:\\Users\\RVANAC~1\\AppData\\Local\\Temp\\rust_mozprofileGw7UhZ"
JavaScript error: resource://gre/modules/XULStore.jsm, line 66: Error: Can't find profile directory.
console.error: SearchCache: "_readCacheFile: Error reading cache file:" (new Error("", "(unknown module)"))
1602481910838	Marionette	INFO	Listening on port 60151
1602481910898	Marionette	WARN	TLS certificate errors will be ignored for this session
1602481919368	Marionette	INFO	Stopped listening on port 60151
[Parent 15684, Gecko_IOThread] WARNING: file /builds/worker/checkouts/gecko/ipc/chromium/src/base/process_util_win.cc, line 166

###!!! [Child][RunMessage] Error: Channel closing: too late to send/recv, messages will be lost


###!!! [Child][MessageChannel::SendAndWait] Error: Channel error: cannot send/recv

1602482057553	geckodriver	INFO	Listening on 127.0.0.1:60212
1602482060609	mozrunner::runner	INFO	Running command: "C:\\Program Files\\Mozilla Firefox\\firefox.exe" "--marionette" "-foreground" "-no-remote" "-profile" "C:\\Users\\RVANAC~1\\AppData\\Local\\Temp\\rust_mozprofilewp6t8U"
JavaScript error: resource://gre/modules/XULStore.jsm, line 66: Error: Can't find profile directory.
console.error: SearchCache: "_readCacheFile: Error reading cache file:" (new Error("", "(unknown module)"))
1602482063906	Marionette	INFO	Listening on port 60225
1602482064241	Marionette	WARN	TLS certificate errors will be ignored for this session
1602482071821	Marionette	INFO	Stopped listening on port 60228

###!!! [Child][RunMessage] Error: Channel closing: too late to send/recv, messages will be lost


###!!! [Child][MessageChannel::SendAndWait] Error: Channel error: cannot send/recv

